<?xml version="1.0" encoding="UTF-8"?>
<testsuite xmlns:xsi="http://www.w3.org/2001/XMLSchema-instance" xsi:noNamespaceSchemaLocation="https://maven.apache.org/surefire/maven-surefire-plugin/xsd/surefire-test-report.xsd" name="com.imust.layui.LayuiApplicationTests" time="8.94" tests="2" errors="0" skipped="0" failures="0">
  <properties>
[...]
</properties>
  <testcase name="test" classname="com.imust.layui.LayuiApplicationTests" time="0.34"/>
  <testcase name="test2" classname="com.imust.layui.LayuiApplicationTests" time="0.113"/>
</testsuite>